# JRE version: Java(TM) SE Runtime Environment 18.9 (11.0.14+8) (build 11.0.14+8-LTS-263)
# Java VM: Java HotSpot(TM) 64-Bit Server VM 18.9 (11.0.14+8-LTS-263, mixed mode, tiered, compressed oops, g1 gc, windows-amd64)
Heap:
 garbage-first heap   total 61440K, used 15859K [0x00000000c4000000, 0x0000000100000000)
  region size 1024K, 13 young (13312K), 4 survivors (4096K)
 Metaspace       used 19956K, capacity 20350K, committed 20480K, reserved 1067008K
  class space    used 2126K, capacity 2253K, committed 2304K, reserved 1048576K
GC Heap History (8 events):
Event: 2.720 GC heap before
{Heap before GC invocations=0 (full 0):
 garbage-first heap   total 61440K, used 14336K [0x00000000c4000000, 0x0000000100000000)
  region size 1024K, 14 young (14336K), 0 survivors (0K)
 Metaspace       used 10932K, capacity 11112K, committed 11136K, reserved 1058816K
  class space    used 1050K, capacity 1152K, committed 1152K, reserved 1048576K
}
Event: 2.758 GC heap after
{Heap after GC invocations=1 (full 0):
 garbage-first heap   total 61440K, used 3111K [0x00000000c4000000, 0x0000000100000000)
  region size 1024K, 2 young (2048K), 2 survivors (2048K)
 Metaspace       used 10932K, capacity 11112K, committed 11136K, reserved 1058816K
  class space    used 1050K, capacity 1152K, committed 1152K, reserved 1048576K
}
Event: 5.193 GC heap before
{Heap before GC invocations=1 (full 0):
 garbage-first heap   total 61440K, used 14375K [0x00000000c4000000, 0x0000000100000000)
  region size 1024K, 13 young (13312K), 2 survivors (2048K)
 Metaspace       used 12378K, capacity 12532K, committed 12672K, reserved 1060864K
  class space    used 1256K, capacity 1348K, committed 1408K, reserved 1048576K
}
Event: 5.198 GC heap after
{Heap after GC invocations=2 (full 0):
 garbage-first heap   total 61440K, used 3721K [0x00000000c4000000, 0x0000000100000000)
  region size 1024K, 1 young (1024K), 1 survivors (1024K)
 Metaspace       used 12378K, capacity 12532K, committed 12672K, reserved 1060864K
  class space    used 1256K, capacity 1348K, committed 1408K, reserved 1048576K
}
Event: 8.483 GC heap before
{Heap before GC invocations=2 (full 0):
 garbage-first heap   total 61440K, used 28297K [0x00000000c4000000, 0x0000000100000000)
  region size 1024K, 25 young (25600K), 1 survivors (1024K)
 Metaspace       used 15649K, capacity 15908K, committed 16128K, reserved 1062912K
  class space    used 1656K, capacity 1745K, committed 1792K, reserved 1048576K
}
Event: 8.490 GC heap after
{Heap after GC invocations=3 (full 0):
 garbage-first heap   total 61440K, used 4697K [0x00000000c4000000, 0x0000000100000000)
  region size 1024K, 2 young (2048K), 2 survivors (2048K)
 Metaspace       used 15649K, capacity 15908K, committed 16128K, reserved 1062912K
  class space    used 1656K, capacity 1745K, committed 1792K, reserved 1048576K
}
Event: 14.300 GC heap before
{Heap before GC invocations=3 (full 0):
 garbage-first heap   total 61440K, used 33369K [0x00000000c4000000, 0x0000000100000000)
  region size 1024K, 30 young (30720K), 2 survivors (2048K)
 Metaspace       used 19782K, capacity 20123K, committed 20224K, reserved 1067008K
  class space    used 2117K, capacity 2219K, committed 2304K, reserved 1048576K
}
Event: 14.314 GC heap after
{Heap after GC invocations=4 (full 0):
 garbage-first heap   total 61440K, used 7667K [0x00000000c4000000, 0x0000000100000000)
  region size 1024K, 4 young (4096K), 4 survivors (4096K)
 Metaspace       used 19782K, capacity 20123K, committed 20224K, reserved 1067008K
  class space    used 2117K, capacity 2219K, committed 2304K, reserved 1048576K
}

